<?xml version="1.0" encoding="UTF-8" ?>
<testsuite failures="0" time="1.883" errors="0" skipped="0" tests="8" name="GoogleTranslateTest">
  <properties>
[...]
</properties>
  <testcase time="0.579" classname="GoogleTranslateTest" name="testTranslationsStringStringStringString"/>
  <testcase time="0.187" classname="GoogleTranslateTest" name="testTranslationsStringStringString"/>
  <testcase time="0.238" classname="GoogleTranslateTest" name="testDefinitions"/>
  <testcase time="0.155" classname="GoogleTranslateTest" name="testExamples"/>
  <testcase time="0.197" classname="GoogleTranslateTest" name="testGlosses"/>
  <testcase time="0.16" classname="GoogleTranslateTest" name="testSeeAlso"/>
  <testcase time="0.229" classname="GoogleTranslateTest" name="testSynonyms"/>
  <testcase time="0.138" classname="GoogleTranslateTest" name="testTranslate"/>
</testsuite>